build/app/intermediates/manifest_merge_blame_file/debug/manifest-merger-blame-debug-report.txt
1<?xml version="1.0" encoding="utf-8"?>
2<manifest xmlns:android="http://schemas.android.com/apk/res/android"
3    package="com.example.demo"
4    android:versionCode="1"
5    android:versionName="1.0.0" >
6
7    <uses-sdk
8        android:minSdkVersion="21"
9        android:targetSdkVersion="35" />
10    <!--
11         The INTERNET permission is required for development. Specifically,
12         the Flutter tool needs it to communicate with the running application
13         to allow setting breakpoints, to provide hot reload, etc.
14    -->
15    <uses-permission android:name="android.permission.INTERNET" />
15-->src\main\AndroidManifest.xml:3:5-66
15-->src\main\AndroidManifest.xml:3:22-64
16    <uses-permission android:name="android.permission.RECORD_AUDIO" />
16-->src\main\AndroidManifest.xml:2:1-66
16-->src\main\AndroidManifest.xml:2:18-64
17    <uses-permission android:name="android.permission.BLUETOOTH" />
17-->src\main\AndroidManifest.xml:4:5-67
17-->src\main\AndroidManifest.xml:4:22-65
18    <uses-permission android:name="android.permission.BLUETOOTH_ADMIN" />
18-->src\main\AndroidManifest.xml:5:5-73
18-->src\main\AndroidManifest.xml:5:22-71
19    <uses-permission android:name="android.permission.BLUETOOTH_CONNECT" />
19-->src\main\AndroidManifest.xml:6:5-75
19-->src\main\AndroidManifest.xml:6:22-73
20    <!--
21 Required to query activities that can process text, see:
22         https://developer.android.com/training/package-visibility and
23         https://developer.android.com/reference/android/content/Intent#ACTION_PROCESS_TEXT.
24
25         In particular, this is used by the Flutter engine in io.flutter.plugin.text.ProcessTextPlugin.
26    -->
27    <queries>
27-->src\main\AndroidManifest.xml:44:5-49:15
28        <intent>
28-->src\main\AndroidManifest.xml:45:9-48:18
29            <action android:name="android.intent.action.PROCESS_TEXT" />
29-->src\main\AndroidManifest.xml:46:13-72
29-->src\main\AndroidManifest.xml:46:21-70
30
31            <data android:mimeType="text/plain" />
31-->src\main\AndroidManifest.xml:47:13-50
31-->src\main\AndroidManifest.xml:47:19-48
32        </intent>
33        <intent>
33-->[:file_picker] AndroidManifest.xml:8:9-12:18
34            <action android:name="android.intent.action.GET_CONTENT" />
34-->[:file_picker] AndroidManifest.xml:9:13-72
34-->[:file_picker] AndroidManifest.xml:9:21-69
35
36            <data android:mimeType="*/*" />
36-->src\main\AndroidManifest.xml:47:13-50
36-->src\main\AndroidManifest.xml:47:19-48
37        </intent>
38    </queries>
39    <queries>
39-->src\main\AndroidManifest.xml:44:5-49:15
40        <intent>
41            <action android:name="android.speech.RecognitionService" />
42        </intent>
43    </queries>
44
45    <permission
45-->[androidx.core:core:1.13.1] AndroidManifest.xml:22:5-24:47
46        android:name="com.example.demo.DYNAMIC_RECEIVER_NOT_EXPORTED_PERMISSION"
46-->[androidx.core:core:1.13.1] AndroidManifest.xml:23:9-81
47        android:protectionLevel="signature" />
47-->[androidx.core:core:1.13.1] AndroidManifest.xml:24:9-44
48
49    <uses-permission android:name="com.example.demo.DYNAMIC_RECEIVER_NOT_EXPORTED_PERMISSION" />
49-->[androidx.core:core:1.13.1] AndroidManifest.xml:26:5-97
49-->[androidx.core:core:1.13.1] AndroidManifest.xml:26:22-94
50
51    <application
52        android:name="android.app.Application"
53        android:appComponentFactory="androidx.core.app.CoreComponentFactory"
53-->[androidx.core:core:1.13.1] AndroidManifest.xml:28:18-86
54        android:debuggable="true"
55        android:extractNativeLibs="true"
56        android:icon="@mipmap/ic_launcher"
57        android:label="demo" >
58        <activity
59            android:name="com.example.demo.MainActivity"
60            android:configChanges="orientation|keyboardHidden|keyboard|screenSize|smallestScreenSize|locale|layoutDirection|fontScale|screenLayout|density|uiMode"
61            android:exported="true"
62            android:hardwareAccelerated="true"
63            android:launchMode="singleTop"
64            android:taskAffinity=""
65            android:theme="@style/LaunchTheme"
66            android:windowSoftInputMode="adjustResize" >
67
68            <!--
69                 Specifies an Android theme to apply to this Activity as soon as
70                 the Android process has started. This theme is visible to the user
71                 while the Flutter UI initializes. After that, this theme continues
72                 to determine the Window background behind the Flutter UI.
73            -->
74            <meta-data
75                android:name="io.flutter.embedding.android.NormalTheme"
76                android:resource="@style/NormalTheme" />
77
78            <intent-filter>
79                <action android:name="android.intent.action.MAIN" />
80
81                <category android:name="android.intent.category.LAUNCHER" />
82            </intent-filter>
83        </activity>
84        <!--
85             Don't delete the meta-data below.
86             This is used by the Flutter tool to generate GeneratedPluginRegistrant.java
87        -->
88        <meta-data
89            android:name="flutterEmbedding"
90            android:value="2" />
91
92        <provider
92-->[:image_picker_android] AndroidManifest.xml:9:9-17:20
93            android:name="io.flutter.plugins.imagepicker.ImagePickerFileProvider"
93-->[:image_picker_android] AndroidManifest.xml:10:13-82
94            android:authorities="com.example.demo.flutter.image_provider"
94-->[:image_picker_android] AndroidManifest.xml:11:13-74
95            android:exported="false"
95-->[:image_picker_android] AndroidManifest.xml:12:13-37
96            android:grantUriPermissions="true" >
96-->[:image_picker_android] AndroidManifest.xml:13:13-47
97            <meta-data
97-->[:image_picker_android] AndroidManifest.xml:14:13-16:75
98                android:name="android.support.FILE_PROVIDER_PATHS"
98-->[:image_picker_android] AndroidManifest.xml:15:17-67
99                android:resource="@xml/flutter_image_picker_file_paths" />
99-->[:image_picker_android] AndroidManifest.xml:16:17-72
100        </provider> <!-- Trigger Google Play services to install the backported photo picker module. -->
101        <service
101-->[:image_picker_android] AndroidManifest.xml:19:9-31:19
102            android:name="com.google.android.gms.metadata.ModuleDependencies"
102-->[:image_picker_android] AndroidManifest.xml:20:13-78
103            android:enabled="false"
103-->[:image_picker_android] AndroidManifest.xml:21:13-36
104            android:exported="false" >
104-->[:image_picker_android] AndroidManifest.xml:22:13-37
105            <intent-filter>
105-->[:image_picker_android] AndroidManifest.xml:24:13-26:29
106                <action android:name="com.google.android.gms.metadata.MODULE_DEPENDENCIES" />
106-->[:image_picker_android] AndroidManifest.xml:25:17-94
106-->[:image_picker_android] AndroidManifest.xml:25:25-91
107            </intent-filter>
108
109            <meta-data
109-->[:image_picker_android] AndroidManifest.xml:28:13-30:36
110                android:name="photopicker_activity:0:required"
110-->[:image_picker_android] AndroidManifest.xml:29:17-63
111                android:value="" />
111-->[:image_picker_android] AndroidManifest.xml:30:17-33
112        </service>
113
114        <activity
114-->[:url_launcher_android] AndroidManifest.xml:8:9-11:74
115            android:name="io.flutter.plugins.urllauncher.WebViewActivity"
115-->[:url_launcher_android] AndroidManifest.xml:9:13-74
116            android:exported="false"
116-->[:url_launcher_android] AndroidManifest.xml:10:13-37
117            android:theme="@android:style/Theme.NoTitleBar.Fullscreen" />
117-->[:url_launcher_android] AndroidManifest.xml:11:13-71
118
119        <uses-library
119-->[androidx.window:window:1.2.0] AndroidManifest.xml:23:9-25:40
120            android:name="androidx.window.extensions"
120-->[androidx.window:window:1.2.0] AndroidManifest.xml:24:13-54
121            android:required="false" />
121-->[androidx.window:window:1.2.0] AndroidManifest.xml:25:13-37
122        <uses-library
122-->[androidx.window:window:1.2.0] AndroidManifest.xml:26:9-28:40
123            android:name="androidx.window.sidecar"
123-->[androidx.window:window:1.2.0] AndroidManifest.xml:27:13-51
124            android:required="false" />
124-->[androidx.window:window:1.2.0] AndroidManifest.xml:28:13-37
125
126        <provider
126-->[androidx.lifecycle:lifecycle-process:2.7.0] AndroidManifest.xml:24:9-32:20
127            android:name="androidx.startup.InitializationProvider"
127-->[androidx.lifecycle:lifecycle-process:2.7.0] AndroidManifest.xml:25:13-67
128            android:authorities="com.example.demo.androidx-startup"
128-->[androidx.lifecycle:lifecycle-process:2.7.0] AndroidManifest.xml:26:13-68
129            android:exported="false" >
129-->[androidx.lifecycle:lifecycle-process:2.7.0] AndroidManifest.xml:27:13-37
130            <meta-data
130-->[androidx.lifecycle:lifecycle-process:2.7.0] AndroidManifest.xml:29:13-31:52
131                android:name="androidx.lifecycle.ProcessLifecycleInitializer"
131-->[androidx.lifecycle:lifecycle-process:2.7.0] AndroidManifest.xml:30:17-78
132                android:value="androidx.startup" />
132-->[androidx.lifecycle:lifecycle-process:2.7.0] AndroidManifest.xml:31:17-49
133            <meta-data
133-->[androidx.profileinstaller:profileinstaller:1.3.1] AndroidManifest.xml:29:13-31:52
134                android:name="androidx.profileinstaller.ProfileInstallerInitializer"
134-->[androidx.profileinstaller:profileinstaller:1.3.1] AndroidManifest.xml:30:17-85
135                android:value="androidx.startup" />
135-->[androidx.profileinstaller:profileinstaller:1.3.1] AndroidManifest.xml:31:17-49
136        </provider>
137
138        <receiver
138-->[androidx.profileinstaller:profileinstaller:1.3.1] AndroidManifest.xml:34:9-52:20
139            android:name="androidx.profileinstaller.ProfileInstallReceiver"
139-->[androidx.profileinstaller:profileinstaller:1.3.1] AndroidManifest.xml:35:13-76
140            android:directBootAware="false"
140-->[androidx.profileinstaller:profileinstaller:1.3.1] AndroidManifest.xml:36:13-44
141            android:enabled="true"
141-->[androidx.profileinstaller:profileinstaller:1.3.1] AndroidManifest.xml:37:13-35
142            android:exported="true"
142-->[androidx.profileinstaller:profileinstaller:1.3.1] AndroidManifest.xml:38:13-36
143            android:permission="android.permission.DUMP" >
143-->[androidx.profileinstaller:profileinstaller:1.3.1] AndroidManifest.xml:39:13-57
144            <intent-filter>
144-->[androidx.profileinstaller:profileinstaller:1.3.1] AndroidManifest.xml:40:13-42:29
145                <action android:name="androidx.profileinstaller.action.INSTALL_PROFILE" />
145-->[androidx.profileinstaller:profileinstaller:1.3.1] AndroidManifest.xml:41:17-91
145-->[androidx.profileinstaller:profileinstaller:1.3.1] AndroidManifest.xml:41:25-88
146            </intent-filter>
147            <intent-filter>
147-->[androidx.profileinstaller:profileinstaller:1.3.1] AndroidManifest.xml:43:13-45:29
148                <action android:name="androidx.profileinstaller.action.SKIP_FILE" />
148-->[androidx.profileinstaller:profileinstaller:1.3.1] AndroidManifest.xml:44:17-85
148-->[androidx.profileinstaller:profileinstaller:1.3.1] AndroidManifest.xml:44:25-82
149            </intent-filter>
150            <intent-filter>
150-->[androidx.profileinstaller:profileinstaller:1.3.1] AndroidManifest.xml:46:13-48:29
151                <action android:name="androidx.profileinstaller.action.SAVE_PROFILE" />
151-->[androidx.profileinstaller:profileinstaller:1.3.1] AndroidManifest.xml:47:17-88
151-->[androidx.profileinstaller:profileinstaller:1.3.1] AndroidManifest.xml:47:25-85
152            </intent-filter>
153            <intent-filter>
153-->[androidx.profileinstaller:profileinstaller:1.3.1] AndroidManifest.xml:49:13-51:29
154                <action android:name="androidx.profileinstaller.action.BENCHMARK_OPERATION" />
154-->[androidx.profileinstaller:profileinstaller:1.3.1] AndroidManifest.xml:50:17-95
154-->[androidx.profileinstaller:profileinstaller:1.3.1] AndroidManifest.xml:50:25-92
155            </intent-filter>
156        </receiver>
157    </application>
158
159</manifest>